17:28:10: Creating resource group General
17:28:10: Creating resource group Internal
17:28:10: Creating resource group Autodetect
17:28:10: SceneManagerFactory for type 'DefaultSceneManager' registered.
17:28:10: Registering ResourceManager for type Material
17:28:10: Registering ResourceManager for type Mesh
17:28:10: Registering ResourceManager for type Skeleton
17:28:10: MovableObjectFactory for type 'ParticleSystem' registered.
17:28:10: OverlayElementFactory for type Panel registered.
17:28:10: OverlayElementFactory for type BorderPanel registered.
17:28:10: OverlayElementFactory for type TextArea registered.
17:28:10: Registering ResourceManager for type Font
17:28:10: ArchiveFactory for archive type FileSystem registered.
17:28:10: ArchiveFactory for archive type Zip registered.
17:28:10: DDS codec registering
17:28:10: FreeImage version: 3.15.4
17:28:10: This program uses FreeImage, a free, open source image library supporting all common bitmap formats. See http://freeimage.sourceforge.net for details
17:28:10: Supported formats: bmp,ico,jpg,jif,jpeg,jpe,jng,koa,iff,lbm,mng,pbm,pbm,pcd,pcx,pgm,pgm,png,ppm,ppm,ras,tga,targa,tif,tiff,wap,wbmp,wbm,psd,cut,xbm,xpm,gif,hdr,g3,sgi,exr,j2k,j2c,jp2,pfm,pct,pict,pic,3fr,arw,bay,bmq,cap,cine,cr2,crw,cs1,dc2,dcr,drf,dsc,dng,erf,fff,ia,iiq,k25,kc2,kdc,mdc,mef,mos,mrw,nef,nrw,orf,pef,ptx,pxn,qtk,raf,raw,rdc,rw2,rwl,rwz,sr2,srf,srw,sti
17:28:10: Registering ResourceManager for type HighLevelGpuProgram
17:28:10: Registering ResourceManager for type Compositor
17:28:10: MovableObjectFactory for type 'Entity' registered.
17:28:10: MovableObjectFactory for type 'Light' registered.
17:28:10: MovableObjectFactory for type 'BillboardSet' registered.
17:28:10: MovableObjectFactory for type 'ManualObject' registered.
17:28:10: MovableObjectFactory for type 'BillboardChain' registered.
17:28:10: MovableObjectFactory for type 'RibbonTrail' registered.
17:28:10: Loading library /usr/local/lib/OGRE/RenderSystem_GL
17:28:10: Installing plugin: GL RenderSystem
17:28:10: OpenGL Rendering Subsystem created.
17:28:10: Plugin successfully installed
17:28:10: Loading library /usr/local/lib/OGRE/Plugin_ParticleFX
17:28:10: Installing plugin: ParticleFX
17:28:10: Particle Emitter Type 'Point' registered
17:28:10: Particle Emitter Type 'Box' registered
17:28:10: Particle Emitter Type 'Ellipsoid' registered
17:28:10: Particle Emitter Type 'Cylinder' registered
17:28:10: Particle Emitter Type 'Ring' registered
17:28:10: Particle Emitter Type 'HollowEllipsoid' registered
17:28:10: Particle Affector Type 'LinearForce' registered
17:28:10: Particle Affector Type 'ColourFader' registered
17:28:10: Particle Affector Type 'ColourFader2' registered
17:28:10: Particle Affector Type 'ColourImage' registered
17:28:10: Particle Affector Type 'ColourInterpolator' registered
17:28:10: Particle Affector Type 'Scaler' registered
17:28:10: Particle Affector Type 'Rotator' registered
17:28:10: Particle Affector Type 'DirectionRandomiser' registered
17:28:10: Particle Affector Type 'DeflectorPlane' registered
17:28:10: Plugin successfully installed
17:28:10: Loading library /usr/local/lib/OGRE/Plugin_BSPSceneManager
17:28:10: Installing plugin: BSP Scene Manager
17:28:10: Plugin successfully installed
17:28:10: Loading library /usr/local/lib/OGRE/Plugin_CgProgramManager
17:28:10: Installing plugin: Cg Program Manager
17:28:10: Plugin successfully installed
17:28:10: Loading library /usr/local/lib/OGRE/Plugin_PCZSceneManager
17:28:10: Installing plugin: Portal Connected Zone Scene Manager
17:28:10: PCZone Factory Type 'ZoneType_Default' registered
17:28:10: Plugin successfully installed
17:28:10: Loading library /usr/local/lib/OGRE/Plugin_OctreeZone
17:28:10: Installing plugin: Octree Zone Factory
17:28:10: Plugin successfully installed
17:28:10: Loading library /usr/local/lib/OGRE/Plugin_OctreeSceneManager
17:28:10: Installing plugin: Octree & Terrain Scene Manager
17:28:10: Plugin successfully installed
17:28:10: *-*-* OGRE Initialising
17:28:10: *-*-* Version 1.7.2 (Cthugha)
17:28:11: CPU Identifier & Features
17:28:11: -------------------------
17:28:11:  *   CPU ID: GenuineIntel: Intel(R) Core(TM) i7-2630QM CPU @ 2.00GHz
17:28:11:  *      SSE: yes
17:28:11:  *     SSE2: yes
17:28:11:  *     SSE3: yes
17:28:11:  *      MMX: yes
17:28:11:  *   MMXEXT: yes
17:28:11:  *    3DNOW: no
17:28:11:  * 3DNOWEXT: no
17:28:11:  *     CMOV: yes
17:28:11:  *      TSC: yes
17:28:11:  *      FPU: yes
17:28:11:  *      PRO: yes
17:28:11:  *       HT: no
17:28:11: -------------------------
17:28:11: ******************************
*** Starting GLX Subsystem ***
******************************
17:28:11: GLRenderSystem::_createRenderWindow "DemoApp v1.0", 800x600 windowed  miscParams: FSAA=0 displayFrequency=60 MHz gamma=No vsync=No 
17:28:11: OGRE EXCEPTION(6:FileNotFoundException): Cannot locate resource GLX_icon.png in resource group General or any other group. in ResourceGroupManager::openResource at /home/pascal/ogre_src_v1-7-2/OgreMain/src/OgreResourceGroupManager.cpp (line 753)
17:28:11: GLXWindow::create used FBConfigID = 39
17:28:11: GL_VERSION = 4.2.11627 Compatibility Profile Context
17:28:11: GL_VENDOR = ATI Technologies Inc.
17:28:11: GL_RENDERER = AMD Radeon 6600M and 6700M Series
17:28:11: GL_EXTENSIONS = GL_AMDX_debug_output GL_AMDX_vertex_shader_tessellator GL_AMD_conservative_depth GL_AMD_debug_output GL_AMD_depth_clamp_separate GL_AMD_draw_buffers_blend GL_AMD_multi_draw_indirect GL_AMD_name_gen_delete GL_AMD_performance_monitor GL_AMD_pinned_memory GL_AMD_sample_positions GL_AMD_seamless_cubemap_per_texture GL_AMD_shader_stencil_export GL_AMD_shader_trace GL_AMD_texture_cube_map_array GL_AMD_texture_texture4 GL_AMD_transform_feedback3_lines_triangles GL_AMD_vertex_shader_layer GL_AMD_vertex_shader_tessellator GL_AMD_vertex_shader_viewport_index GL_ARB_ES2_compatibility GL_ARB_base_instance GL_ARB_blend_func_extended GL_ARB_color_buffer_float GL_ARB_compressed_texture_pixel_storage GL_ARB_conservative_depth GL_ARB_copy_buffer GL_ARB_depth_buffer_float GL_ARB_depth_clamp GL_ARB_depth_texture GL_ARB_draw_buffers GL_ARB_draw_buffers_blend GL_ARB_draw_elements_base_vertex GL_ARB_draw_indirect GL_ARB_draw_instanced GL_ARB_explicit_attrib_location GL_ARB_fragment_coord_conventions GL_ARB_fragment_program GL_ARB_fragment_program_shadow GL_ARB_fragment_shader GL_ARB_framebuffer_object GL_ARB_framebuffer_sRGB GL_ARB_geometry_shader4 GL_ARB_get_program_binary GL_ARB_gpu_shader5 GL_ARB_gpu_shader_fp64 GL_ARB_half_float_pixel GL_ARB_half_float_vertex GL_ARB_imaging GL_ARB_instanced_arrays GL_ARB_internalformat_query GL_ARB_map_buffer_alignment GL_ARB_map_buffer_range GL_ARB_multisample GL_ARB_multitexture GL_ARB_occlusion_query GL_ARB_occlusion_query2 GL_ARB_pixel_buffer_object GL_ARB_point_parameters GL_ARB_point_sprite GL_ARB_provoking_vertex GL_ARB_sample_shading GL_ARB_sampler_objects GL_ARB_seamless_cube_map GL_ARB_separate_shader_objects GL_ARB_shader_atomic_counters GL_ARB_shader_bit_encoding GL_ARB_shader_image_load_store GL_ARB_shader_objects GL_ARB_shader_precision GL_ARB_shader_stencil_export GL_ARB_shader_subroutine GL_ARB_shader_texture_lod GL_ARB_shading_language_100 GL_ARB_shading_language_420pack GL_ARB_shading_language_packing GL_ARB_shadow GL_ARB_shadow_ambient GL_ARB_sync GL_ARB_tessellation_shader GL_ARB_texture_border_clamp GL_ARB_texture_buffer_object GL_ARB_texture_buffer_object_rgb32 GL_ARB_texture_compression GL_ARB_texture_compression_bptc GL_ARB_texture_compression_rgtc GL_ARB_texture_cube_map GL_ARB_texture_cube_map_array GL_ARB_texture_env_add GL_ARB_texture_env_combine GL_ARB_texture_env_crossbar GL_ARB_texture_env_dot3 GL_ARB_texture_float GL_ARB_texture_gather GL_ARB_texture_mirrored_repeat GL_ARB_texture_multisample GL_ARB_texture_non_power_of_two GL_ARB_texture_query_lod GL_ARB_texture_rectangle GL_ARB_texture_rg GL_ARB_texture_rgb10_a2ui GL_ARB_texture_snorm GL_ARB_texture_storage GL_ARB_timer_query GL_ARB_transform_feedback2 GL_ARB_transform_feedback3 GL_ARB_transform_feedback_instanced GL_ARB_transpose_matrix GL_ARB_uniform_buffer_object GL_ARB_vertex_array_bgra GL_ARB_vertex_array_object GL_ARB_vertex_attrib_64bit GL_ARB_vertex_buffer_object GL_ARB_vertex_program GL_ARB_vertex_shader GL_ARB_vertex_type_2_10_10_10_rev GL_ARB_viewport_array GL_ARB_window_pos GL_ATI_draw_buffers GL_ATI_envmap_bumpmap GL_ATI_fragment_shader GL_ATI_meminfo GL_ATI_separate_stencil GL_ATI_texture_compression_3dc GL_ATI_texture_env_combine3 GL_ATI_texture_float GL_ATI_texture_mirror_once GL_EXT_abgr GL_EXT_bgra GL_EXT_bindable_uniform GL_EXT_blend_color GL_EXT_blend_equation_separate GL_EXT_blend_func_separate GL_EXT_blend_minmax GL_EXT_blend_subtract GL_EXT_compiled_vertex_array GL_EXT_copy_buffer GL_EXT_copy_texture GL_EXT_direct_state_access GL_EXT_draw_buffers2 GL_EXT_draw_instanced GL_EXT_draw_range_elements GL_EXT_fog_coord GL_EXT_framebuffer_blit GL_EXT_framebuffer_multisample GL_EXT_framebuffer_object GL_EXT_framebuffer_sRGB GL_EXT_geometry_shader4 GL_EXT_gpu_program_parameters GL_EXT_gpu_shader4 GL_EXT_histogram GL_EXT_multi_draw_arrays GL_EXT_packed_depth_stencil GL_EXT_packed_float GL_EXT_packed_pixels GL_EXT_pixel_buffer_object GL_EXT_point_parameters GL_EXT_provoking_vertex GL_EXT_rescale_normal GL_EXT_secondary_color GL_EXT_separate_specular_color GL_EXT_shader_image_load_store GL_EXT_shadow_funcs GL_EXT_stencil_wrap GL_EXT_subtexture GL_EXT_texgen_reflection GL_EXT_texture3D GL_EXT_texture_array GL_EXT_texture_buffer_object GL_EXT_texture_compression_bptc GL_EXT_texture_compression_latc GL_EXT_texture_compression_rgtc GL_EXT_texture_compression_s3tc GL_EXT_texture_cube_map GL_EXT_texture_edge_clamp GL_EXT_texture_env_add GL_EXT_texture_env_combine GL_EXT_texture_env_dot3 GL_EXT_texture_filter_anisotropic GL_EXT_texture_integer GL_EXT_texture_lod GL_EXT_texture_lod_bias GL_EXT_texture_mirror_clamp GL_EXT_texture_object GL_EXT_texture_rectangle GL_EXT_texture_sRGB GL_EXT_texture_shared_exponent GL_EXT_texture_snorm GL_EXT_texture_storage GL_EXT_texture_swizzle GL_EXT_timer_query GL_EXT_transform_feedback GL_EXT_vertex_array GL_EXT_vertex_array_bgra GL_EXT_vertex_attrib_64bit GL_IBM_texture_mirrored_repeat GL_KTX_buffer_region GL_NV_blend_square GL_NV_conditional_render GL_NV_copy_depth_to_color GL_NV_copy_image GL_NV_explicit_multisample GL_NV_float_buffer GL_NV_half_float GL_NV_primitive_restart GL_NV_texgen_reflection GL_NV_texture_barrier GL_SGIS_generate_mipmap GL_SGIS_texture_edge_clamp GL_SGIS_texture_lod GL_SUN_multi_draw_arrays GL_WIN_swap_hint WGL_EXT_swap_control
17:28:11: Supported GLX extensions: GLX_ARB_create_context GLX_ARB_create_context_profile GLX_ARB_get_proc_address GLX_ARB_multisample GLX_EXT_import_context GLX_EXT_swap_control GLX_EXT_visual_info GLX_EXT_visual_rating GLX_MESA_swap_control GLX_NV_swap_group GLX_OML_swap_method GLX_SGI_make_current_read GLX_SGI_swap_control GLX_SGI_video_sync GLX_SGIS_multisample GLX_SGIX_fbconfig GLX_SGIX_pbuffer GLX_SGIX_swap_barrier GLX_SGIX_swap_group GLX_SGIX_visual_select_group GLX_EXT_texture_from_pixmap 
17:28:11: ***************************
17:28:11: *** GL Renderer Started ***
17:28:11: ***************************
17:28:11: Registering ResourceManager for type GpuProgram
17:28:11: GLSL support detected
17:28:11: GL: Using GL_EXT_framebuffer_object for rendering to textures (best)
17:28:11: FBO PF_UNKNOWN depth/stencil support: D0S1 D0S4 D0S8 D0S16 D16S0 D24S0 D32S0 Packed-D24S8 
17:28:11: FBO PF_L8 depth/stencil support: D0S0 D0S1 D0S4 D0S8 D0S16 D16S0 D24S0 D32S0 Packed-D24S8 
17:28:11: FBO PF_L16 depth/stencil support: D0S0 D0S1 D0S4 D0S8 D0S16 D16S0 D24S0 D32S0 Packed-D24S8 
17:28:11: FBO PF_A8 depth/stencil support: D0S0 D0S1 D0S4 D0S8 D0S16 D16S0 D24S0 D32S0 Packed-D24S8 
17:28:11: FBO PF_A4L4 depth/stencil support: D0S0 D0S1 D0S4 D0S8 D0S16 D16S0 D24S0 D32S0 Packed-D24S8 
17:28:11: FBO PF_BYTE_LA depth/stencil support: D0S0 D0S1 D0S4 D0S8 D0S16 D16S0 D24S0 D32S0 Packed-D24S8 
17:28:11: FBO PF_R5G6B5 depth/stencil support: D0S0 D0S1 D0S4 D0S8 D0S16 D16S0 D24S0 D32S0 Packed-D24S8 
17:28:11: FBO PF_B5G6R5 depth/stencil support: D0S0 D0S1 D0S4 D0S8 D0S16 D16S0 D24S0 D32S0 Packed-D24S8 
17:28:11: FBO PF_A4R4G4B4 depth/stencil support: D0S0 D0S1 D0S4 D0S8 D0S16 D16S0 D24S0 D32S0 Packed-D24S8 
17:28:11: FBO PF_A1R5G5B5 depth/stencil support: D0S0 D0S1 D0S4 D0S8 D0S16 D16S0 D24S0 D32S0 Packed-D24S8 
17:28:11: FBO PF_R8G8B8 depth/stencil support: D0S0 D0S1 D0S4 D0S8 D0S16 D16S0 D24S0 D32S0 Packed-D24S8 
17:28:11: FBO PF_B8G8R8 depth/stencil support: D0S0 D0S1 D0S4 D0S8 D0S16 D16S0 D24S0 D32S0 Packed-D24S8 
17:28:11: FBO PF_A8R8G8B8 depth/stencil support: D0S0 D0S1 D0S4 D0S8 D0S16 D16S0 D24S0 D32S0 Packed-D24S8 
17:28:11: FBO PF_B8G8R8A8 depth/stencil support: D0S0 D0S1 D0S4 D0S8 D0S16 D16S0 D24S0 D32S0 Packed-D24S8 
17:28:11: FBO PF_A2R10G10B10 depth/stencil support: D0S0 D0S1 D0S4 D0S8 D0S16 D16S0 D24S0 D32S0 Packed-D24S8 
17:28:11: FBO PF_A2B10G10R10 depth/stencil support: D0S0 D0S1 D0S4 D0S8 D0S16 D16S0 D24S0 D32S0 Packed-D24S8 
17:28:11: FBO PF_FLOAT16_RGB depth/stencil support: D0S0 D0S1 D0S4 D0S8 D0S16 D16S0 D24S0 D32S0 Packed-D24S8 
17:28:11: FBO PF_FLOAT16_RGBA depth/stencil support: D0S0 D0S1 D0S4 D0S8 D0S16 D16S0 D24S0 D32S0 Packed-D24S8 
17:28:11: FBO PF_FLOAT32_RGB depth/stencil support: D0S0 D0S1 D0S4 D0S8 D0S16 D16S0 D24S0 D32S0 Packed-D24S8 
17:28:11: FBO PF_FLOAT32_RGBA depth/stencil support: D0S0 D0S1 D0S4 D0S8 D0S16 D16S0 D24S0 D32S0 Packed-D24S8 
17:28:11: FBO PF_X8R8G8B8 depth/stencil support: D0S0 D0S1 D0S4 D0S8 D0S16 D16S0 D24S0 D32S0 Packed-D24S8 
17:28:11: FBO PF_X8B8G8R8 depth/stencil support: D0S0 D0S1 D0S4 D0S8 D0S16 D16S0 D24S0 D32S0 Packed-D24S8 
17:28:11: FBO PF_SHORT_RGBA depth/stencil support: D0S0 D0S1 D0S4 D0S8 D0S16 D16S0 D24S0 D32S0 Packed-D24S8 
17:28:11: FBO PF_R3G3B2 depth/stencil support: D0S0 D0S1 D0S4 D0S8 D0S16 D16S0 D24S0 D32S0 Packed-D24S8 
17:28:11: FBO PF_FLOAT16_R depth/stencil support: D0S0 D0S1 D0S4 D0S8 D0S16 D16S0 D24S0 D32S0 Packed-D24S8 
17:28:11: FBO PF_FLOAT32_R depth/stencil support: D0S0 D0S1 D0S4 D0S8 D0S16 D16S0 D24S0 D32S0 Packed-D24S8 
17:28:11: FBO PF_SHORT_GR depth/stencil support: D0S0 D0S1 D0S4 D0S8 D0S16 D16S0 D24S0 D32S0 Packed-D24S8 
17:28:11: FBO PF_FLOAT16_GR depth/stencil support: D0S0 D0S1 D0S4 D0S8 D0S16 D16S0 D24S0 D32S0 Packed-D24S8 
17:28:11: FBO PF_FLOAT32_GR depth/stencil support: D0S0 D0S1 D0S4 D0S8 D0S16 D16S0 D24S0 D32S0 Packed-D24S8 
17:28:11: FBO PF_SHORT_RGB depth/stencil support: D0S0 D0S1 D0S4 D0S8 D0S16 D16S0 D24S0 D32S0 Packed-D24S8 
17:28:11: [GL] : Valid FBO targets PF_UNKNOWN PF_L8 PF_L16 PF_A8 PF_A4L4 PF_BYTE_LA PF_R5G6B5 PF_B5G6R5 PF_A4R4G4B4 PF_A1R5G5B5 PF_R8G8B8 PF_B8G8R8 PF_A8R8G8B8 PF_B8G8R8A8 PF_A2R10G10B10 PF_A2B10G10R10 PF_FLOAT16_RGB PF_FLOAT16_RGBA PF_FLOAT32_RGB PF_FLOAT32_RGBA PF_X8R8G8B8 PF_X8B8G8R8 PF_SHORT_RGBA PF_R3G3B2 PF_FLOAT16_R PF_FLOAT32_R PF_SHORT_GR PF_FLOAT16_GR PF_FLOAT32_GR PF_SHORT_RGB 
17:28:11: RenderSystem capabilities
17:28:11: -------------------------
17:28:11: RenderSystem Name: OpenGL Rendering Subsystem
17:28:11: GPU Vendor: ati
17:28:11: Device Name: AMD Radeon 6600M and 6700M Series
17:28:11: Driver Version: 4.2.11627.0
17:28:11:  * Fixed function pipeline: yes
17:28:11:  * Hardware generation of mipmaps: no
17:28:11:  * Texture blending: yes
17:28:11:  * Anisotropic texture filtering: yes
17:28:11:  * Dot product texture operation: yes
17:28:11:  * Cube mapping: yes
17:28:11:  * Hardware stencil buffer: yes
17:28:11:    - Stencil depth: 8
17:28:11:    - Two sided stencil support: yes
17:28:11:    - Wrap stencil values: yes
17:28:11:  * Hardware vertex / index buffers: yes
17:28:11:  * Vertex programs: yes
17:28:11:  * Number of floating-point constants for vertex programs: 256
17:28:11:  * Number of integer constants for vertex programs: 0
17:28:11:  * Number of boolean constants for vertex programs: 0
17:28:11:  * Fragment programs: yes
17:28:11:  * Number of floating-point constants for fragment programs: 256
17:28:11:  * Number of integer constants for fragment programs: 0
17:28:11:  * Number of boolean constants for fragment programs: 0
17:28:11:  * Geometry programs: yes
17:28:11:  * Number of floating-point constants for geometry programs: 256
17:28:11:  * Number of integer constants for geometry programs: 0
17:28:11:  * Number of boolean constants for geometry programs: 0
17:28:11:  * Supported Shader Profiles: arbfp1 arbvp1 glsl gp4gp gpu_gp nvgp4 ps_1_1 ps_1_2 ps_1_3 ps_1_4
17:28:11:  * Texture Compression: yes
17:28:11:    - DXT: yes
17:28:11:    - VTC: no
17:28:11:    - PVRTC: no
17:28:11:  * Scissor Rectangle: yes
17:28:11:  * Hardware Occlusion Query: yes
17:28:11:  * User clip planes: yes
17:28:11:  * VET_UBYTE4 vertex element type: yes
17:28:11:  * Infinite far plane projection: yes
17:28:11:  * Hardware render-to-texture: yes
17:28:11:  * Floating point textures: yes
17:28:11:  * Non-power-of-two textures: yes
17:28:11:  * Volume textures: yes
17:28:11:  * Multiple Render Targets: 8
17:28:11:    - With different bit depths: yes
17:28:11:  * Point Sprites: yes
17:28:11:  * Extended point parameters: yes
17:28:11:  * Max Point Size: 8192
17:28:11:  * Vertex texture fetch: yes
17:28:11:  * Number of world matrices: 0
17:28:11:  * Number of texture units: 16
17:28:11:  * Stencil buffer depth: 8
17:28:11:  * Number of vertex blend matrices: 0
17:28:11:    - Max vertex textures: 16
17:28:11:    - Vertex textures shared: yes
17:28:11:  * Render to Vertex Buffer : no
17:28:11:  * GL 1.5 without VBO workaround: no
17:28:11:  * Frame Buffer objects: yes
17:28:11:  * Frame Buffer objects (ARB extension): no
17:28:11:  * Frame Buffer objects (ATI extension): no
17:28:11:  * PBuffer support: yes
17:28:11:  * GL 1.5 without HW-occlusion workaround: no
17:28:11: Registering ResourceManager for type Texture
17:28:11: DefaultWorkQueue('Root') initialising on thread 0x9dad818.
17:28:11: DefaultWorkQueue('Root')::WorkerFunc - thread 0xa3985f0 starting.
17:28:11: DefaultWorkQueue('Root')::WorkerFunc - thread 0xa39ade0 starting.
17:28:11: DefaultWorkQueue('Root')::WorkerFunc - thread 0xa3991e8 starting.
17:28:11: DefaultWorkQueue('Root')::WorkerFunc - thread 0xa398b90 starting.
17:28:11: DefaultWorkQueue('Root')::WorkerFunc - thread 0xa3a2348 starting.
17:28:11: DefaultWorkQueue('Root')::WorkerFunc - thread 0xa39a610 starting.
17:28:11: DefaultWorkQueue('Root')::WorkerFunc - thread 0xa39b150 starting.
17:28:11: DefaultWorkQueue('Root')::WorkerFunc - thread 0xa395d60 starting.
17:28:11: Particle Renderer Type 'billboard' registered
17:28:11: SceneManagerFactory for type 'BspSceneManager' registered.
17:28:11: Registering ResourceManager for type BspLevel
17:28:11: SceneManagerFactory for type 'PCZSceneManager' registered.
17:28:11: MovableObjectFactory for type 'PCZLight' registered.
17:28:11: MovableObjectFactory for type 'Portal' registered.
17:28:11: MovableObjectFactory for type 'AntiPortal' registered.
17:28:11: PCZone Factory Type 'ZoneType_Octree' registered
17:28:11: PCZone Factory Type 'ZoneType_Terrain' registered
17:28:11: SceneManagerFactory for type 'OctreeSceneManager' registered.
17:28:11: SceneManagerFactory for type 'TerrainSceneManager' registered.
17:28:11: Creating resource group Essential
17:28:11: Added resource location '../media/packs/SdkTrays.zip' of type 'Zip' to resource group 'Essential'
17:28:11: Added resource location '../media' of type 'FileSystem' to resource group 'General'
17:28:11: Added resource location '../media/materials/scripts' of type 'FileSystem' to resource group 'General'
17:28:11: Added resource location '../media/materials/textures' of type 'FileSystem' to resource group 'General'
17:28:11: Added resource location '../media/materials/programs' of type 'FileSystem' to resource group 'General'
17:28:11: Added resource location '../media/models' of type 'FileSystem' to resource group 'General'
17:28:11: Parsing scripts for resource group Autodetect
17:28:11: Finished parsing scripts for resource group Autodetect
17:28:11: Parsing scripts for resource group Essential
17:28:11: Parsing script SdkTrays.material
17:28:11: Parsing script SdkTrays.fontdef
17:28:11: Parsing script SdkTrays.overlay
17:28:11: Bad element attribute line: '# you can offset the image to change the cursor "hotspot"' for element SdkTrays/Cursor in overlay 
17:28:11: Texture: sdk_cursor.png: Loading 1 faces(PF_A8R8G8B8,32x32x1) with 5 generated mipmaps from Image. Internal format is PF_A8R8G8B8,32x32x1.
17:28:11: Texture: sdk_tray.png: Loading 1 faces(PF_A8R8G8B8,64x64x1) with 5 generated mipmaps from Image. Internal format is PF_A8R8G8B8,64x64x1.
17:28:11: Texture: sdk_button_up.png: Loading 1 faces(PF_A8R8G8B8,128x32x1) with 5 generated mipmaps from Image. Internal format is PF_A8R8G8B8,128x32x1.
17:28:11: Texture: sdk_text_box.png: Loading 1 faces(PF_A8R8G8B8,32x32x1) with 5 generated mipmaps from Image. Internal format is PF_A8R8G8B8,32x32x1.
17:28:11: Texture: sdk_mini_tray.png: Loading 1 faces(PF_A8R8G8B8,32x32x1) with 5 generated mipmaps from Image. Internal format is PF_A8R8G8B8,32x32x1.
17:28:11: Texture: sdk_track.png: Loading 1 faces(PF_A8R8G8B8,16x32x1) with 5 generated mipmaps from Image. Internal format is PF_A8R8G8B8,16x32x1.
17:28:11: Texture: sdk_handle.png: Loading 1 faces(PF_A8R8G8B8,16x16x1) with 4 generated mipmaps from Image. Internal format is PF_A8R8G8B8,16x16x1.
17:28:11: Texture: sdk_mini_text_box.png: Loading 1 faces(PF_A8R8G8B8,32x32x1) with 5 generated mipmaps from Image. Internal format is PF_A8R8G8B8,32x32x1.
17:28:11: Texture: sdk_label.png: Loading 1 faces(PF_A8R8G8B8,32x32x1) with 5 generated mipmaps from Image. Internal format is PF_A8R8G8B8,32x32x1.
17:28:11: Texture: sdk_separator.png: Loading 1 faces(PF_A8R8G8B8,64x16x1) with 5 generated mipmaps from Image. Internal format is PF_A8R8G8B8,64x16x1.
17:28:11: Texture: sdk_logo.png: Loading 1 faces(PF_A8R8G8B8,128x64x1) with 5 generated mipmaps from Image. Internal format is PF_A8R8G8B8,128x64x1.
17:28:11: Texture: sdk_shade.png: Loading 1 faces(PF_A8R8G8B8,64x48x1) with 5 generated mipmaps from Image. Internal format is PF_A8R8G8B8,64x48x1.
17:28:11: Texture: sdk_frame.png: Loading 1 faces(PF_A8R8G8B8,32x32x1) with 5 generated mipmaps from Image. Internal format is PF_A8R8G8B8,32x32x1.
17:28:11: Texture: sdk_mini_text_box_over.png: Loading 1 faces(PF_A8R8G8B8,32x32x1) with 5 generated mipmaps from Image. Internal format is PF_A8R8G8B8,32x32x1.
17:28:11: Texture: sdk_pulse.png: Loading 1 faces(PF_R8G8B8,8x1x1) with 3 generated mipmaps from Image. Internal format is PF_X8R8G8B8,8x1x1.
17:28:11: Finished parsing scripts for resource group Essential
17:28:11: Parsing scripts for resource group General
17:28:11: Parsing script Examples.material
17:28:11: Compiler error: reference to a non existing object in Examples.material(253)
17:28:11: Compiler error: reference to a non existing object in Examples.material(772)
17:28:11: Compiler error: reference to a non existing object in Examples.material(784)
17:28:11: OGRE EXCEPTION(2:InvalidParametersException): Parameter called camObjPos does not exist.  in GpuProgramParameters::_findNamedConstantDefinition at /home/pascal/ogre_src_v1-7-2/OgreMain/src/OgreGpuProgramParams.cpp (line 1433)
17:28:11: Compiler error: invalid parameters in Examples.material(837): setting of constant failed
17:28:11: Compiler error: reference to a non existing object in Examples.material(1281)
17:28:11: Compiler error: reference to a non existing object in Examples.material(1473)
17:28:11: Compiler error: reference to a non existing object in Examples.material(1508)
17:28:11: Compiler error: reference to a non existing object in Examples.material(1617)
17:28:11: Compiler error: reference to a non existing object in Examples.material(1622)
17:28:11: Compiler error: reference to a non existing object in Examples.material(1716)
17:28:11: Parsing script Ogre.material
17:28:11: Finished parsing scripts for resource group General
17:28:11: Parsing scripts for resource group Internal
17:28:11: Finished parsing scripts for resource group Internal
17:28:12: Demo initialized!
17:28:12: Terrain created; size=513 minBatch=33 maxBatch=65 treeDepth=4 lodLevels=5 leafLods=2
17:28:12: Texture: dirt_grayrocky_diffusespecular.dds: Loading 1 faces(PF_DXT5,1024x1024x1) with 5 generated mipmaps from Image. Internal format is PF_DXT5,1024x1024x1.
17:28:12: Texture: dirt_grayrocky_normalheight.dds: Loading 1 faces(PF_DXT5,1024x1024x1) with 5 generated mipmaps from Image. Internal format is PF_DXT5,1024x1024x1.
17:28:12: Texture: grass_green-01_diffusespecular.dds: Loading 1 faces(PF_DXT5,1024x1024x1) with 5 generated mipmaps from Image. Internal format is PF_DXT5,1024x1024x1.
17:28:12: Texture: grass_green-01_normalheight.dds: Loading 1 faces(PF_DXT5,1024x1024x1) with 5 generated mipmaps from Image. Internal format is PF_DXT5,1024x1024x1.
17:28:12: Texture: growth_weirdfungus-03_diffusespecular.dds: Loading 1 faces(PF_DXT5,1024x1024x1) with 5 generated mipmaps from Image. Internal format is PF_DXT5,1024x1024x1.
17:28:12: Texture: growth_weirdfungus-03_normalheight.dds: Loading 1 faces(PF_DXT5,1024x1024x1) with 5 generated mipmaps from Image. Internal format is PF_DXT5,1024x1024x1.
17:28:12: Texture: clouds.jpg: Loading 1 faces(PF_R8G8B8,256x256x1) with 5 generated mipmaps from Image. Internal format is PF_X8R8G8B8,256x256x1.
17:28:12: Mesh: Loading razor.mesh.
17:28:12: Texture: texmap2.jpg: Loading 1 faces(PF_R8G8B8,512x512x1) with 5 generated mipmaps from Image. Internal format is PF_X8R8G8B8,512x512x1.
17:28:12: Start main loop...
17:28:12: Font SdkTrays/Captionusing texture size 512x256
17:28:12: Info: Freetype returned null for character 160 in font SdkTrays/Caption
17:28:12: Texture: SdkTrays/CaptionTexture: Loading 1 faces(PF_BYTE_LA,512x256x1) with 0 generated mipmaps from Image. Internal format is PF_BYTE_LA,512x256x1.
17:28:12: Font SdkTrays/Valueusing texture size 512x256
17:28:12: Info: Freetype returned null for character 127 in font SdkTrays/Value
17:28:12: Info: Freetype returned null for character 128 in font SdkTrays/Value
17:28:12: Info: Freetype returned null for character 129 in font SdkTrays/Value
17:28:12: Info: Freetype returned null for character 130 in font SdkTrays/Value
17:28:12: Info: Freetype returned null for character 131 in font SdkTrays/Value
17:28:12: Info: Freetype returned null for character 132 in font SdkTrays/Value
17:28:12: Info: Freetype returned null for character 133 in font SdkTrays/Value
17:28:12: Info: Freetype returned null for character 134 in font SdkTrays/Value
17:28:12: Info: Freetype returned null for character 135 in font SdkTrays/Value
17:28:12: Info: Freetype returned null for character 136 in font SdkTrays/Value
17:28:12: Info: Freetype returned null for character 137 in font SdkTrays/Value
17:28:12: Info: Freetype returned null for character 138 in font SdkTrays/Value
17:28:12: Info: Freetype returned null for character 139 in font SdkTrays/Value
17:28:12: Info: Freetype returned null for character 140 in font SdkTrays/Value
17:28:12: Info: Freetype returned null for character 141 in font SdkTrays/Value
17:28:12: Info: Freetype returned null for character 142 in font SdkTrays/Value
17:28:12: Info: Freetype returned null for character 143 in font SdkTrays/Value
17:28:12: Info: Freetype returned null for character 144 in font SdkTrays/Value
17:28:12: Info: Freetype returned null for character 145 in font SdkTrays/Value
17:28:12: Info: Freetype returned null for character 146 in font SdkTrays/Value
17:28:12: Info: Freetype returned null for character 147 in font SdkTrays/Value
17:28:12: Info: Freetype returned null for character 148 in font SdkTrays/Value
17:28:12: Info: Freetype returned null for character 149 in font SdkTrays/Value
17:28:12: Info: Freetype returned null for character 150 in font SdkTrays/Value
17:28:12: Info: Freetype returned null for character 151 in font SdkTrays/Value
17:28:12: Info: Freetype returned null for character 152 in font SdkTrays/Value
17:28:12: Info: Freetype returned null for character 153 in font SdkTrays/Value
17:28:12: Info: Freetype returned null for character 154 in font SdkTrays/Value
17:28:12: Info: Freetype returned null for character 155 in font SdkTrays/Value
17:28:12: Info: Freetype returned null for character 156 in font SdkTrays/Value
17:28:12: Info: Freetype returned null for character 157 in font SdkTrays/Value
17:28:12: Info: Freetype returned null for character 158 in font SdkTrays/Value
17:28:12: Info: Freetype returned null for character 159 in font SdkTrays/Value
17:28:12: Info: Freetype returned null for character 160 in font SdkTrays/Value
17:28:12: Texture: SdkTrays/ValueTexture: Loading 1 faces(PF_BYTE_LA,512x256x1) with 0 generated mipmaps from Image. Internal format is PF_BYTE_LA,512x256x1.
17:28:16: Main loop quit
17:28:16: Shutdown OGRE...
17:28:16: DefaultWorkQueue('Root') shutting down on thread 0x9dad818.
17:28:16: DefaultWorkQueue('Root')::WorkerFunc - thread 0xa3991e8 stopped.
17:28:16: DefaultWorkQueue('Root')::WorkerFunc - thread 0xa398b90 stopped.
17:28:16: DefaultWorkQueue('Root')::WorkerFunc - thread 0xa39b150 stopped.
17:28:16: DefaultWorkQueue('Root')::WorkerFunc - thread 0xa39a610 stopped.
17:28:16: DefaultWorkQueue('Root')::WorkerFunc - thread 0xa3a2348 stopped.
17:28:16: DefaultWorkQueue('Root')::WorkerFunc - thread 0xa395d60 stopped.
17:28:16: DefaultWorkQueue('Root')::WorkerFunc - thread 0xa3985f0 stopped.
17:28:22: DefaultWorkQueue('Root')::WorkerFunc - thread 0xa39ade0 stopped.
17:28:22: PCZone Factory Type 'ZoneType_Octree' unregistered
17:28:22: PCZone Factory Type 'ZoneType_Terrain' unregistered
17:28:22: Unregistering ResourceManager for type BspLevel
17:28:22: *-*-* OGRE Shutdown
17:28:22: Unregistering ResourceManager for type Compositor
17:28:22: Unregistering ResourceManager for type Font
17:28:22: Unregistering ResourceManager for type Skeleton
17:28:22: Unregistering ResourceManager for type Mesh
17:28:22: Unregistering ResourceManager for type HighLevelGpuProgram
17:28:22: Uninstalling plugin: Octree & Terrain Scene Manager
17:28:22: Plugin successfully uninstalled
17:28:22: Unloading library /usr/local/lib/OGRE/Plugin_OctreeSceneManager
17:28:22: Uninstalling plugin: Octree Zone Factory
17:28:22: Plugin successfully uninstalled
17:28:22: Unloading library /usr/local/lib/OGRE/Plugin_OctreeZone
17:28:22: Uninstalling plugin: Portal Connected Zone Scene Manager
17:28:22: Plugin successfully uninstalled
17:28:22: Unloading library /usr/local/lib/OGRE/Plugin_PCZSceneManager
17:28:22: Uninstalling plugin: Cg Program Manager
17:28:22: Plugin successfully uninstalled
17:28:22: Unloading library /usr/local/lib/OGRE/Plugin_CgProgramManager
17:28:22: Uninstalling plugin: BSP Scene Manager
17:28:22: Plugin successfully uninstalled
17:28:22: Unloading library /usr/local/lib/OGRE/Plugin_BSPSceneManager
17:28:22: Uninstalling plugin: ParticleFX
17:28:22: Plugin successfully uninstalled
17:28:22: Unloading library /usr/local/lib/OGRE/Plugin_ParticleFX
17:28:22: Uninstalling plugin: GL RenderSystem
17:28:22: Unregistering ResourceManager for type GpuProgram
17:28:22: ******************************
*** Stopping GLX Subsystem ***
******************************
17:28:22: Unregistering ResourceManager for type Texture
17:28:22: Plugin successfully uninstalled
17:28:22: Unloading library /usr/local/lib/OGRE/RenderSystem_GL
17:28:22: Unregistering ResourceManager for type Material
